<?xml version="1.0" encoding="UTF-8"?>
<!-- Generated by org.testng.reporters.JUnitReportReporter -->
<testsuite skipped="0" hostname="AYANDAS" name="com.Salesboost_Adminpanel.testscript.RoleManagementPage" tests="4" failures="0" timestamp="2021-03-05T11:34:21 IST" time="14.630" errors="0">
  <testcase name="validaddroles" time="4.349" classname="com.Salesboost_Adminpanel.testscript.RoleManagementPage"/>
  <system-out/>
  <testcase name="validrolesselection" time="1.911" classname="com.Salesboost_Adminpanel.testscript.RoleManagementPage"/>
  <system-out/>
  <testcase name="validroledeletion" time="1.987" classname="com.Salesboost_Adminpanel.testscript.RoleManagementPage"/>
  <system-out/>
  <testcase name="validEditRoles" time="6.383" classname="com.Salesboost_Adminpanel.testscript.RoleManagementPage"/>
  <system-out/>
</testsuite> <!-- com.Salesboost_Adminpanel.testscript.RoleManagementPage -->
