<?xml version="1.0" encoding="UTF-8"?>
<!-- Generated by org.testng.reporters.JUnitReportReporter -->
<testsuite skipped="0" hostname="AYANDAS" name="com.Salesboost_Adminpanel.testscript.LATTest" tests="3" failures="0" timestamp="2021-03-05T11:34:21 IST" time="21.126" errors="0">
  <testcase name="addLATTest" time="7.395" classname="com.Salesboost_Adminpanel.testscript.LATTest"/>
  <system-out/>
  <testcase name="addLATIncorrectDetails" time="5.057" classname="com.Salesboost_Adminpanel.testscript.LATTest"/>
  <system-out/>
  <testcase name="deleteLAT" time="8.674" classname="com.Salesboost_Adminpanel.testscript.LATTest"/>
  <system-out/>
</testsuite> <!-- com.Salesboost_Adminpanel.testscript.LATTest -->
