<?xml version="1.0" encoding="UTF-8"?>
<!-- Generated by org.testng.reporters.JUnitReportReporter -->
<testsuite skipped="0" hostname="DESKTOP-7MAOGO2" name="com.Salesboost_Adminpanel.testscript.LeadershipTipsPage" tests="4" failures="0" timestamp="12 Jan 2021 10:24:02 GMT" time="28.422" errors="0">
  <testcase name="validActivePostAddLeadershipTips" time="9.726" classname="com.Salesboost_Adminpanel.testscript.LeadershipTipsPage"/>
  <testcase name="validLeadershipTipsSelection" time="1.846" classname="com.Salesboost_Adminpanel.testscript.LeadershipTipsPage"/>
  <testcase name="validDeleteLeadershipTip" time="3.845" classname="com.Salesboost_Adminpanel.testscript.LeadershipTipsPage"/>
  <testcase name="validActivePostEditLeadershipTip" time="13.005" classname="com.Salesboost_Adminpanel.testscript.LeadershipTipsPage"/>
</testsuite> <!-- com.Salesboost_Adminpanel.testscript.LeadershipTipsPage -->
