<?xml version="1.0" encoding="UTF-8"?>
<!-- Generated by org.testng.reporters.JUnitReportReporter -->
<testsuite skipped="0" hostname="DESKTOP-7MAOGO2" name="com.Salesboost_Adminpanel.testscript.PrivateTracksPage" tests="1" failures="0" timestamp="2021-02-16T18:01:39 IST" time="12.400" errors="0">
  <testcase name="validEditTrack" time="12.400" classname="com.Salesboost_Adminpanel.testscript.PrivateTracksPage"/>
  <system-out/>
</testsuite> <!-- com.Salesboost_Adminpanel.testscript.PrivateTracksPage -->
