<?xml version="1.0" encoding="UTF-8"?>
<!-- Generated by org.testng.reporters.JUnitReportReporter -->
<testsuite skipped="0" hostname="AYANDAS" name="com.Salesboost_Adminpanel.testscript.managePasswordScript" tests="1" failures="0" timestamp="2021-03-05T11:34:21 IST" time="1.732" errors="0">
  <testcase name="validEmailGeneratePassword" time="1.732" classname="com.Salesboost_Adminpanel.testscript.managePasswordScript"/>
  <system-out/>
</testsuite> <!-- com.Salesboost_Adminpanel.testscript.managePasswordScript -->
