<?xml version="1.0" encoding="UTF-8"?>
<!-- Generated by org.testng.reporters.JUnitReportReporter -->
<testsuite skipped="0" hostname="DESKTOP-7MAOGO2" name="com.Salesboost_Adminpanel.testscript.TracksPage" tests="1" failures="0" timestamp="2021-02-16T16:54:33 IST" time="14.526" errors="0">
  <testcase name="validEditTrack" time="14.526" classname="com.Salesboost_Adminpanel.testscript.TracksPage"/>
  <system-out/>
</testsuite> <!-- com.Salesboost_Adminpanel.testscript.TracksPage -->
