<?xml version="1.0" encoding="UTF-8"?>
<!-- Generated by org.testng.reporters.JUnitReportReporter -->
<testsuite skipped="0" hostname="DESKTOP-7MAOGO2" name="com.Salesboost_Adminpanel.testscript.TracksPage" tests="1" failures="0" timestamp="28 Dec 2020 05:31:15 GMT" time="16.084" errors="0">
  <testcase name="validEditTrack" time="16.084" classname="com.Salesboost_Adminpanel.testscript.TracksPage"/>
</testsuite> <!-- com.Salesboost_Adminpanel.testscript.TracksPage -->
