<?xml version="1.0" encoding="UTF-8"?>
<!-- Generated by org.testng.reporters.JUnitReportReporter -->
<testsuite skipped="0" hostname="DESKTOP-7MAOGO2" name="com.Salesboost_Adminpanel.testscript.SystemAnnouncementsPage" tests="1" failures="0" timestamp="2021-02-17T12:39:49 IST" time="78.311" errors="0">
  <testcase name="validInActivePostEditAnnouncement" time="78.311" classname="com.Salesboost_Adminpanel.testscript.SystemAnnouncementsPage"/>
  <system-out/>
</testsuite> <!-- com.Salesboost_Adminpanel.testscript.SystemAnnouncementsPage -->
