<?xml version="1.0" encoding="UTF-8"?>
<!-- Generated by org.testng.reporters.JUnitReportReporter -->
<testsuite skipped="0" hostname="DESKTOP-7MAOGO2" name="com.Salesboost_Adminpanel.testscript.loginPage" tests="1" failures="0" timestamp="2021-02-15T14:36:24 IST" time="6.417" errors="0">
  <testcase name="validEmailValidPassword" time="6.417" classname="com.Salesboost_Adminpanel.testscript.loginPage"/>
  <system-out/>
</testsuite> <!-- com.Salesboost_Adminpanel.testscript.loginPage -->
