<?xml version="1.0" encoding="UTF-8"?>
<!-- Generated by org.testng.reporters.JUnitReportReporter -->
<testsuite skipped="0" hostname="DESKTOP-7MAOGO2" name="com.Salesboost_Adminpanel.testscript.accountHoldersPage" tests="1" failures="0" timestamp="2021-02-15T16:22:16 IST" time="2.756" errors="0">
  <testcase name="validAccountUpdate" time="2.756" classname="com.Salesboost_Adminpanel.testscript.accountHoldersPage"/>
  <system-out/>
</testsuite> <!-- com.Salesboost_Adminpanel.testscript.accountHoldersPage -->
