<?xml version="1.0" encoding="UTF-8"?>
<!-- Generated by org.testng.reporters.JUnitReportReporter -->
<testsuite skipped="0" hostname="DESKTOP-7MAOGO2" name="com.Salesboost_Adminpanel.testscript.LeadershipTipsPage" tests="1" failures="0" timestamp="29 Dec 2020 05:08:47 GMT" time="14.124" errors="0">
  <testcase name="validActivePostEditLeadershipTip" time="14.124" classname="com.Salesboost_Adminpanel.testscript.LeadershipTipsPage"/>
</testsuite> <!-- com.Salesboost_Adminpanel.testscript.LeadershipTipsPage -->
