<?xml version="1.0" encoding="UTF-8"?>
<!-- Generated by org.testng.reporters.JUnitReportReporter -->
<testsuite skipped="0" hostname="DESKTOP-7MAOGO2" name="com.Salesboost_Adminpanel.testscript.LeadershipObjectPage" tests="1" failures="0" timestamp="21 Dec 2020 11:40:07 GMT" time="3.572" errors="0">
  <testcase name="validAddDuplicateTools" time="3.572" classname="com.Salesboost_Adminpanel.testscript.LeadershipObjectPage"/>
</testsuite> <!-- com.Salesboost_Adminpanel.testscript.LeadershipObjectPage -->
