<?xml version="1.0" encoding="UTF-8"?>
<!-- Generated by org.testng.reporters.JUnitReportReporter -->
<testsuite skipped="0" hostname="DESKTOP-7MAOGO2" name="com.Salesboost_Adminpanel.testscript.loginPage" tests="1" failures="0" timestamp="13 Jan 2021 07:36:56 GMT" time="5.776" errors="0">
  <testcase name="validEmailValidPassword" time="5.776" classname="com.Salesboost_Adminpanel.testscript.loginPage"/>
</testsuite> <!-- com.Salesboost_Adminpanel.testscript.loginPage -->
