<?xml version="1.0" encoding="UTF-8"?>
<!-- Generated by org.testng.reporters.JUnitReportReporter -->
<testsuite skipped="0" hostname="AYANDAS" name="com.Salesboost_Adminpanel.testscript.accountHoldersPage" tests="3" failures="0" timestamp="2021-03-05T11:34:20 IST" time="18.511" errors="0">
  <testcase name="validaddaccount" time="6.749" classname="com.Salesboost_Adminpanel.testscript.accountHoldersPage"/>
  <system-out/>
  <testcase name="validsearch" time="3.450" classname="com.Salesboost_Adminpanel.testscript.accountHoldersPage"/>
  <system-out/>
  <testcase name="validAccountUpdate" time="8.312" classname="com.Salesboost_Adminpanel.testscript.accountHoldersPage"/>
  <system-out/>
</testsuite> <!-- com.Salesboost_Adminpanel.testscript.accountHoldersPage -->
