<?xml version="1.0" encoding="UTF-8"?>
<!-- Generated by org.testng.reporters.JUnitReportReporter -->
<testsuite skipped="0" hostname="DESKTOP-7MAOGO2" name="com.Salesboost_Adminpanel.testscript.LeadershipTipsPage" tests="1" failures="0" timestamp="2021-02-17T10:20:19 IST" time="15.359" errors="0">
  <testcase name="validInActivePostEditLeadershipTip" time="15.359" classname="com.Salesboost_Adminpanel.testscript.LeadershipTipsPage"/>
  <system-out/>
</testsuite> <!-- com.Salesboost_Adminpanel.testscript.LeadershipTipsPage -->
