<?xml version="1.0" encoding="UTF-8"?>
<!-- Generated by org.testng.reporters.JUnitReportReporter -->
<testsuite skipped="0" hostname="AYANDAS" name="com.Salesboost_Adminpanel.testscript.ATATest" tests="2" failures="0" timestamp="2021-03-05T11:34:20 IST" time="13.239" errors="0">
  <testcase name="addATADataTest" time="7.431" classname="com.Salesboost_Adminpanel.testscript.ATATest"/>
  <system-out/>
  <testcase name="addSnippetPageTest" time="5.808" classname="com.Salesboost_Adminpanel.testscript.ATATest"/>
  <system-out/>
</testsuite> <!-- com.Salesboost_Adminpanel.testscript.ATATest -->
