<?xml version="1.0" encoding="UTF-8"?>
<!-- Generated by org.testng.reporters.JUnitReportReporter -->
<testsuite skipped="0" hostname="DESKTOP-7MAOGO2" name="com.Salesboost_Adminpanel.testscript.RoleManagementPage" tests="1" failures="0" timestamp="30 Dec 2020 14:20:16 GMT" time="3.546" errors="0">
  <testcase name="validEditRoles" time="3.546" classname="com.Salesboost_Adminpanel.testscript.RoleManagementPage"/>
</testsuite> <!-- com.Salesboost_Adminpanel.testscript.RoleManagementPage -->
