<?xml version="1.0" encoding="UTF-8"?>
<!-- Generated by org.testng.reporters.JUnitReportReporter -->
<testsuite skipped="0" hostname="DESKTOP-7MAOGO2" name="com.Salesboost_Adminpanel.testscript.RoleManagementPage" tests="1" failures="0" timestamp="01 Dec 2020 11:21:22 GMT" time="1.823" errors="0">
  <testcase name="validEditRoles" time="1.823" classname="com.Salesboost_Adminpanel.testscript.RoleManagementPage"/>
</testsuite> <!-- com.Salesboost_Adminpanel.testscript.RoleManagementPage -->
