<?xml version="1.0" encoding="UTF-8"?>
<!-- Generated by org.testng.reporters.JUnitReportReporter -->
<testsuite skipped="0" hostname="AYANDAS" name="com.Salesboost_Adminpanel.testscript.administratorsPage" tests="3" failures="0" timestamp="2021-03-05T11:34:21 IST" time="17.718" errors="0">
  <testcase name="validadduser" time="4.133" classname="com.Salesboost_Adminpanel.testscript.administratorsPage"/>
  <system-out/>
  <testcase name="validsearch" time="1.987" classname="com.Salesboost_Adminpanel.testscript.administratorsPage"/>
  <system-out/>
  <testcase name="validUserUpdate" time="11.598" classname="com.Salesboost_Adminpanel.testscript.administratorsPage"/>
  <system-out/>
</testsuite> <!-- com.Salesboost_Adminpanel.testscript.administratorsPage -->
