<?xml version="1.0" encoding="UTF-8"?>
<!-- Generated by org.testng.reporters.JUnitReportReporter -->
<testsuite skipped="0" hostname="AYANDAS" name="com.Salesboost_Adminpanel.testscript.loginPage" tests="1" failures="0" timestamp="2021-03-05T11:34:20 IST" time="5.939" errors="0">
  <testcase name="validEmailValidPassword" time="5.939" classname="com.Salesboost_Adminpanel.testscript.loginPage"/>
  <system-out/>
</testsuite> <!-- com.Salesboost_Adminpanel.testscript.loginPage -->
