<?xml version="1.0" encoding="UTF-8"?>
<!-- Generated by org.testng.reporters.JUnitReportReporter -->
<testsuite skipped="0" hostname="DESKTOP-7MAOGO2" name="com.Salesboost_Adminpanel.testscript.PrivateLeadershipObjectPage" tests="1" failures="0" timestamp="2021-02-16T13:29:51 IST" time="12.087" errors="0">
  <testcase name="validEditTools" time="12.087" classname="com.Salesboost_Adminpanel.testscript.PrivateLeadershipObjectPage"/>
  <system-out/>
</testsuite> <!-- com.Salesboost_Adminpanel.testscript.PrivateLeadershipObjectPage -->
