<?xml version="1.0" encoding="UTF-8"?>
<!-- Generated by org.testng.reporters.JUnitReportReporter -->
<testsuite skipped="0" hostname="DESKTOP-7MAOGO2" name="com.Salesboost_Adminpanel.testscript.PrivateTracksPage" tests="3" failures="0" timestamp="12 Jan 2021 11:26:32 GMT" time="10.978" errors="0">
  <testcase name="validaddtracks" time="8.301" classname="com.Salesboost_Adminpanel.testscript.PrivateTracksPage"/>
  <testcase name="validtracksselection" time="1.803" classname="com.Salesboost_Adminpanel.testscript.PrivateTracksPage"/>
  <testcase name="validEditTrack" time="0.874" classname="com.Salesboost_Adminpanel.testscript.PrivateTracksPage"/>
</testsuite> <!-- com.Salesboost_Adminpanel.testscript.PrivateTracksPage -->
