<?xml version="1.0" encoding="UTF-8"?>
<!-- Generated by org.testng.reporters.JUnitReportReporter -->
<testsuite skipped="0" hostname="DESKTOP-7MAOGO2" name="com.Salesboost_Adminpanel.testscript.administratorsPage" tests="1" failures="0" timestamp="2021-02-15T16:38:19 IST" time="11.332" errors="0">
  <testcase name="validUserUpdate" time="11.332" classname="com.Salesboost_Adminpanel.testscript.administratorsPage"/>
  <system-out/>
</testsuite> <!-- com.Salesboost_Adminpanel.testscript.administratorsPage -->
