<?xml version="1.0" encoding="UTF-8"?>
<!-- Generated by org.testng.reporters.JUnitReportReporter -->
<testsuite skipped="0" hostname="DESKTOP-7MAOGO2" name="com.Salesboost_Adminpanel.testscript.managePasswordScript" tests="1" failures="0" timestamp="01 Oct 2020 06:06:01 GMT" time="1.976" errors="0">
  <testcase name="validEmailGeneratePassword" time="1.976" classname="com.Salesboost_Adminpanel.testscript.managePasswordScript"/>
</testsuite> <!-- com.Salesboost_Adminpanel.testscript.managePasswordScript -->
