<?xml version="1.0" encoding="UTF-8"?>
<!-- Generated by org.testng.reporters.JUnitReportReporter -->
<testsuite skipped="0" hostname="DESKTOP-7MAOGO2" name="com.Salesboost_Adminpanel.testscript.TracksPage" tests="1" failures="0" timestamp="12 Jan 2021 10:05:20 GMT" time="8.797" errors="0">
  <testcase name="validEditTrack" time="8.797" classname="com.Salesboost_Adminpanel.testscript.TracksPage"/>
</testsuite> <!-- com.Salesboost_Adminpanel.testscript.TracksPage -->
