<?xml version="1.0" encoding="UTF-8"?>
<!-- Generated by org.testng.reporters.JUnitReportReporter -->
<testsuite skipped="0" hostname="DESKTOP-7MAOGO2" name="com.Salesboost_Adminpanel.testscript.managePasswordScript" tests="1" failures="0" timestamp="2021-02-15T15:33:11 IST" time="1.599" errors="0">
  <testcase name="validEmailGeneratePassword" time="1.599" classname="com.Salesboost_Adminpanel.testscript.managePasswordScript"/>
  <system-out/>
</testsuite> <!-- com.Salesboost_Adminpanel.testscript.managePasswordScript -->
