<?xml version="1.0" encoding="UTF-8"?>
<!-- Generated by org.testng.reporters.JUnitReportReporter -->
<testsuite skipped="0" hostname="AYANDAS" name="com.Salesboost_Adminpanel.testscript.AssociatedFilesTest" tests="3" failures="0" timestamp="2021-03-05T11:34:21 IST" time="11.982" errors="0">
  <testcase name="AssociatedPageAddFileDataTest" time="5.162" classname="com.Salesboost_Adminpanel.testscript.AssociatedFilesTest"/>
  <system-out/>
  <testcase name="AssociatedPageAddIncompleteFileDataTest" time="5.789" classname="com.Salesboost_Adminpanel.testscript.AssociatedFilesTest"/>
  <system-out/>
  <testcase name="AssociatedPageEditFileDataTest" time="1.031" classname="com.Salesboost_Adminpanel.testscript.AssociatedFilesTest"/>
  <system-out/>
</testsuite> <!-- com.Salesboost_Adminpanel.testscript.AssociatedFilesTest -->
