<?xml version="1.0" encoding="UTF-8"?>
<!-- Generated by org.testng.reporters.JUnitReportReporter -->
<testsuite skipped="0" hostname="DESKTOP-7MAOGO2" name="com.Salesboost_Adminpanel.testscript.RoleManagementPage" tests="1" failures="0" timestamp="07 Dec 2020 09:50:24 GMT" time="2.000" errors="0">
  <testcase name="validroledeletion" time="2.000" classname="com.Salesboost_Adminpanel.testscript.RoleManagementPage"/>
</testsuite> <!-- com.Salesboost_Adminpanel.testscript.RoleManagementPage -->
