<?xml version="1.0" encoding="UTF-8"?>
<!-- Generated by org.testng.reporters.JUnitReportReporter -->
<testsuite skipped="0" hostname="DESKTOP-7MAOGO2" name="com.Salesboost_Adminpanel.testscript.RoleManagementPage" tests="1" failures="0" timestamp="2021-02-16T10:46:23 IST" time="7.208" errors="0">
  <testcase name="validEditRoles" time="7.208" classname="com.Salesboost_Adminpanel.testscript.RoleManagementPage"/>
  <system-out/>
</testsuite> <!-- com.Salesboost_Adminpanel.testscript.RoleManagementPage -->
