<?xml version="1.0" encoding="UTF-8"?>
<!-- Generated by org.testng.reporters.JUnitReportReporter -->
<testsuite skipped="0" hostname="DESKTOP-7MAOGO2" name="com.Salesboost_Adminpanel.testscript.LeadershipObjectPage" tests="1" failures="0" timestamp="2021-02-16T13:22:54 IST" time="4.222" errors="0">
  <testcase name="validToolDelete" time="4.222" classname="com.Salesboost_Adminpanel.testscript.LeadershipObjectPage"/>
  <system-out/>
</testsuite> <!-- com.Salesboost_Adminpanel.testscript.LeadershipObjectPage -->
