<?xml version="1.0" encoding="UTF-8"?>
<!-- Generated by org.testng.reporters.JUnitReportReporter -->
<testsuite skipped="0" hostname="AYANDAS" name="com.Salesboost_Adminpanel.testscript.PrivateLeadershipObjectPage" tests="4" failures="0" timestamp="2021-03-05T11:34:20 IST" time="21.283" errors="0">
  <testcase name="validAddTools" time="3.932" classname="com.Salesboost_Adminpanel.testscript.PrivateLeadershipObjectPage"/>
  <system-out/>
  <testcase name="validtoolsselection" time="1.702" classname="com.Salesboost_Adminpanel.testscript.PrivateLeadershipObjectPage"/>
  <system-out/>
  <testcase name="validToolDelete" time="5.152" classname="com.Salesboost_Adminpanel.testscript.PrivateLeadershipObjectPage"/>
  <system-out/>
  <testcase name="validEditTools" time="10.497" classname="com.Salesboost_Adminpanel.testscript.PrivateLeadershipObjectPage"/>
  <system-out/>
</testsuite> <!-- com.Salesboost_Adminpanel.testscript.PrivateLeadershipObjectPage -->
