<?xml version="1.0" encoding="UTF-8"?>
<!-- Generated by org.testng.reporters.JUnitReportReporter -->
<testsuite skipped="0" hostname="DESKTOP-7MAOGO2" name="com.Salesboost_Adminpanel.testscript.PrivateTracksPage" tests="1" failures="0" timestamp="05 Jan 2021 05:39:08 GMT" time="53.047" errors="0">
  <testcase name="validEditTrack" time="53.047" classname="com.Salesboost_Adminpanel.testscript.PrivateTracksPage"/>
</testsuite> <!-- com.Salesboost_Adminpanel.testscript.PrivateTracksPage -->
