<?xml version="1.0" encoding="UTF-8"?>
<!-- Generated by org.testng.reporters.JUnitReportReporter -->
<testsuite skipped="0" hostname="DESKTOP-7MAOGO2" name="com.Salesboost_Adminpanel.testscript.LeadershipTipsPage" tests="1" failures="0" timestamp="02 Dec 2020 04:32:12 GMT" time="7.875" errors="0">
  <testcase name="validActivePostAddLeadershipTips" time="7.875" classname="com.Salesboost_Adminpanel.testscript.LeadershipTipsPage"/>
</testsuite> <!-- com.Salesboost_Adminpanel.testscript.LeadershipTipsPage -->
