<?xml version="1.0" encoding="UTF-8"?>
<!-- Generated by org.testng.reporters.JUnitReportReporter -->
<testsuite skipped="0" hostname="DESKTOP-7MAOGO2" name="com.Salesboost_Adminpanel.testscript.QuickSalesPage" tests="1" failures="0" timestamp="04 Dec 2020 05:40:05 GMT" time="8.167" errors="0">
  <testcase name="validActivePostAddSalesTips" time="8.167" classname="com.Salesboost_Adminpanel.testscript.QuickSalesPage"/>
</testsuite> <!-- com.Salesboost_Adminpanel.testscript.QuickSalesPage -->
