<?xml version="1.0" encoding="UTF-8"?>
<!-- Generated by org.testng.reporters.JUnitReportReporter -->
<testsuite skipped="0" hostname="AYANDAS" name="com.Salesboost_Adminpanel.testscript.LeadershipTipsPage" tests="4" failures="0" timestamp="2021-03-05T11:34:21 IST" time="22.693" errors="0">
  <testcase name="validActivePostAddLeadershipTips" time="5.670" classname="com.Salesboost_Adminpanel.testscript.LeadershipTipsPage"/>
  <system-out/>
  <testcase name="validLeadershipTipsSelection" time="1.703" classname="com.Salesboost_Adminpanel.testscript.LeadershipTipsPage"/>
  <system-out/>
  <testcase name="validDeleteLeadershipTip" time="4.632" classname="com.Salesboost_Adminpanel.testscript.LeadershipTipsPage"/>
  <system-out/>
  <testcase name="validInActivePostEditLeadershipTip" time="10.688" classname="com.Salesboost_Adminpanel.testscript.LeadershipTipsPage"/>
  <system-out/>
</testsuite> <!-- com.Salesboost_Adminpanel.testscript.LeadershipTipsPage -->
