<?xml version="1.0" encoding="UTF-8"?>
<!-- Generated by org.testng.reporters.JUnitReportReporter -->
<testsuite skipped="0" hostname="AYANDAS" name="com.Salesboost_Adminpanel.testscript.AwardsTest" tests="1" failures="0" timestamp="2021-03-05T11:34:21 IST" time="24.057" errors="0">
  <testcase name="addAwardDataTest" time="24.057" classname="com.Salesboost_Adminpanel.testscript.AwardsTest"/>
  <system-out/>
</testsuite> <!-- com.Salesboost_Adminpanel.testscript.AwardsTest -->
