<?xml version="1.0" encoding="UTF-8"?>
<!-- Generated by org.testng.reporters.JUnitReportReporter -->
<testsuite skipped="0" hostname="AYANDAS" name="com.Salesboost_Adminpanel.testscript.FAQTest" tests="2" failures="0" timestamp="2021-03-05T11:34:20 IST" time="9.482" errors="0">
  <testcase name="FAQUpdateTest" time="3.075" classname="com.Salesboost_Adminpanel.testscript.FAQTest"/>
  <system-out/>
  <testcase name="FAQDeleteTest" time="6.407" classname="com.Salesboost_Adminpanel.testscript.FAQTest"/>
  <system-out/>
</testsuite> <!-- com.Salesboost_Adminpanel.testscript.FAQTest -->
