<?xml version="1.0" encoding="UTF-8"?>
<!-- Generated by org.testng.reporters.JUnitReportReporter -->
<testsuite skipped="0" hostname="DESKTOP-7MAOGO2" name="com.Salesboost_Adminpanel.testscript.RoleManagementPage" tests="5" failures="0" timestamp="12 Jan 2021 10:10:26 GMT" time="17.729" errors="0">
  <testcase name="validaddroles" time="4.359" classname="com.Salesboost_Adminpanel.testscript.RoleManagementPage"/>
  <testcase name="validcanceladdroles" time="4.158" classname="com.Salesboost_Adminpanel.testscript.RoleManagementPage"/>
  <testcase name="validrolesselection" time="1.985" classname="com.Salesboost_Adminpanel.testscript.RoleManagementPage"/>
  <testcase name="validroledeletion" time="1.029" classname="com.Salesboost_Adminpanel.testscript.RoleManagementPage"/>
  <testcase name="validEditRoles" time="6.198" classname="com.Salesboost_Adminpanel.testscript.RoleManagementPage"/>
</testsuite> <!-- com.Salesboost_Adminpanel.testscript.RoleManagementPage -->
