<?xml version="1.0" encoding="UTF-8"?>
<!-- Generated by org.testng.reporters.JUnitReportReporter -->
<testsuite skipped="0" hostname="AYANDAS" name="com.Salesboost_Adminpanel.testscript.LeadershipObjectPage" tests="6" failures="0" timestamp="2021-03-05T11:34:20 IST" time="25.494" errors="0">
  <testcase name="validActiveStatusAddTools" time="3.765" classname="com.Salesboost_Adminpanel.testscript.LeadershipObjectPage"/>
  <system-out/>
  <testcase name="validtoolsselection" time="2.139" classname="com.Salesboost_Adminpanel.testscript.LeadershipObjectPage"/>
  <system-out/>
  <testcase name="validToolDelete" time="4.160" classname="com.Salesboost_Adminpanel.testscript.LeadershipObjectPage"/>
  <system-out/>
  <testcase name="validEditTools" time="9.044" classname="com.Salesboost_Adminpanel.testscript.LeadershipObjectPage"/>
  <system-out/>
  <testcase name="validAddDuplicateTools" time="3.230" classname="com.Salesboost_Adminpanel.testscript.LeadershipObjectPage"/>
  <system-out/>
  <testcase name="validCancelAddDuplicateTools" time="3.156" classname="com.Salesboost_Adminpanel.testscript.LeadershipObjectPage"/>
  <system-out/>
</testsuite> <!-- com.Salesboost_Adminpanel.testscript.LeadershipObjectPage -->
