<?xml version="1.0" encoding="UTF-8"?>
<!-- Generated by org.testng.reporters.JUnitReportReporter -->
<testsuite skipped="0" hostname="DESKTOP-7MAOGO2" name="com.Salesboost_Adminpanel.testscript.QuickSalesPage" tests="1" failures="0" timestamp="28 Dec 2020 12:45:59 GMT" time="16.688" errors="0">
  <testcase name="validActivePostEditSalesTip" time="16.688" classname="com.Salesboost_Adminpanel.testscript.QuickSalesPage"/>
</testsuite> <!-- com.Salesboost_Adminpanel.testscript.QuickSalesPage -->
