<?xml version="1.0" encoding="UTF-8"?>
<!-- Generated by org.testng.reporters.JUnitReportReporter -->
<testsuite skipped="0" hostname="DESKTOP-7MAOGO2" name="com.Salesboost_Adminpanel.testscript.LeadershipObjectPage" tests="1" failures="0" timestamp="12 Jan 2021 10:35:19 GMT" time="3.545" errors="0">
  <testcase name="validToolDelete" time="3.545" classname="com.Salesboost_Adminpanel.testscript.LeadershipObjectPage"/>
</testsuite> <!-- com.Salesboost_Adminpanel.testscript.LeadershipObjectPage -->
