<?xml version="1.0" encoding="UTF-8"?>
<!-- Generated by org.testng.reporters.JUnitReportReporter -->
<testsuite skipped="0" hostname="DESKTOP-7MAOGO2" name="com.Salesboost_Adminpanel.testscript.accountHoldersPage" tests="1" failures="0" timestamp="01 Oct 2020 13:19:19 GMT" time="13.447" errors="0">
  <testcase name="validUserUpdate" time="13.447" classname="com.Salesboost_Adminpanel.testscript.accountHoldersPage"/>
</testsuite> <!-- com.Salesboost_Adminpanel.testscript.accountHoldersPage -->
