<?xml version="1.0" encoding="UTF-8"?>
<!-- Generated by org.testng.reporters.JUnitReportReporter -->
<testsuite skipped="0" hostname="DESKTOP-7MAOGO2" name="com.Salesboost_Adminpanel.testscript.SystemAnnouncementsPage" tests="4" failures="0" timestamp="12 Jan 2021 10:13:00 GMT" time="120.079" errors="0">
  <testcase name="validActivePostAddSystemAnnouncements" time="28.151" classname="com.Salesboost_Adminpanel.testscript.SystemAnnouncementsPage"/>
  <testcase name="validSystemAnnouncementSelection" time="1.889" classname="com.Salesboost_Adminpanel.testscript.SystemAnnouncementsPage"/>
  <testcase name="validDeleteAnnouncement" time="10.211" classname="com.Salesboost_Adminpanel.testscript.SystemAnnouncementsPage"/>
  <testcase name="validActivePostEditAnnouncement" time="79.828" classname="com.Salesboost_Adminpanel.testscript.SystemAnnouncementsPage"/>
</testsuite> <!-- com.Salesboost_Adminpanel.testscript.SystemAnnouncementsPage -->
