<?xml version="1.0" encoding="UTF-8"?>
<!-- Generated by org.testng.reporters.JUnitReportReporter -->
<testsuite skipped="0" hostname="DESKTOP-7MAOGO2" name="com.Salesboost_Adminpanel.testscript.accountHoldersPage" tests="1" failures="0" timestamp="13 Jan 2021 08:29:32 GMT" time="7.742" errors="0">
  <testcase name="validaddaccount" time="7.742" classname="com.Salesboost_Adminpanel.testscript.accountHoldersPage"/>
</testsuite> <!-- com.Salesboost_Adminpanel.testscript.accountHoldersPage -->
