<?xml version="1.0" encoding="UTF-8"?>
<!-- Generated by org.testng.reporters.JUnitReportReporter -->
<testsuite skipped="0" hostname="AYANDAS" name="com.Salesboost_Adminpanel.testscript.PVOTest" tests="1" failures="0" timestamp="2021-03-05T11:34:21 IST" time="25.881" errors="0">
  <testcase name="addPVOScoreBasedTest" time="25.881" classname="com.Salesboost_Adminpanel.testscript.PVOTest"/>
  <system-out/>
</testsuite> <!-- com.Salesboost_Adminpanel.testscript.PVOTest -->
