<?xml version="1.0" encoding="UTF-8"?>
<!-- Generated by org.testng.reporters.JUnitReportReporter -->
<testsuite skipped="0" hostname="DESKTOP-7MAOGO2" name="com.Salesboost_Adminpanel.testscript.SystemAnnouncementsPage" tests="1" failures="0" timestamp="26 Nov 2020 08:46:49 GMT" time="16.076" errors="0">
  <testcase name="validDeleteTrack" time="16.076" classname="com.Salesboost_Adminpanel.testscript.SystemAnnouncementsPage"/>
</testsuite> <!-- com.Salesboost_Adminpanel.testscript.SystemAnnouncementsPage -->
