<?xml version="1.0" encoding="UTF-8"?>
<!-- Generated by org.testng.reporters.JUnitReportReporter -->
<testsuite skipped="0" hostname="DESKTOP-7MAOGO2" name="com.Salesboost_Adminpanel.testscript.administratorsPage" tests="1" failures="0" timestamp="01 Oct 2020 12:57:22 GMT" time="12.766" errors="0">
  <testcase name="validUserUpdate" time="12.766" classname="com.Salesboost_Adminpanel.testscript.administratorsPage"/>
</testsuite> <!-- com.Salesboost_Adminpanel.testscript.administratorsPage -->
