<?xml version="1.0" encoding="UTF-8"?>
<!-- Generated by org.testng.reporters.JUnitReportReporter -->
<testsuite skipped="0" hostname="AYANDAS" name="com.Salesboost_Adminpanel.testscript.SystemAnnouncementsPage" tests="4" failures="0" timestamp="2021-03-05T11:34:21 IST" time="120.031" errors="0">
  <testcase name="validActivePostAddSystemAnnouncements" time="29.158" classname="com.Salesboost_Adminpanel.testscript.SystemAnnouncementsPage"/>
  <system-out/>
  <testcase name="validSystemAnnouncementSelection" time="1.797" classname="com.Salesboost_Adminpanel.testscript.SystemAnnouncementsPage"/>
  <system-out/>
  <testcase name="validDeleteAnnouncement" time="15.630" classname="com.Salesboost_Adminpanel.testscript.SystemAnnouncementsPage"/>
  <system-out/>
  <testcase name="validInActivePostEditAnnouncement" time="73.446" classname="com.Salesboost_Adminpanel.testscript.SystemAnnouncementsPage"/>
  <system-out/>
</testsuite> <!-- com.Salesboost_Adminpanel.testscript.SystemAnnouncementsPage -->
