<?xml version="1.0" encoding="UTF-8"?>
<!-- Generated by org.testng.reporters.JUnitReportReporter -->
<testsuite skipped="0" hostname="DESKTOP-7MAOGO2" name="com.Salesboost_Adminpanel.testscript.managePasswordScript" tests="1" failures="0" timestamp="26 Nov 2020 06:56:46 GMT" time="1.750" errors="0">
  <testcase name="validEmailGeneratePassword" time="1.750" classname="com.Salesboost_Adminpanel.testscript.managePasswordScript"/>
</testsuite> <!-- com.Salesboost_Adminpanel.testscript.managePasswordScript -->
