<?xml version="1.0" encoding="UTF-8"?>
<!-- Generated by org.testng.reporters.JUnitReportReporter -->
<testsuite skipped="0" hostname="DESKTOP-7MAOGO2" name="com.Salesboost_Adminpanel.testscript.TracksPage" tests="1" failures="0" timestamp="30 Nov 2020 11:10:28 GMT" time="2.138" errors="0">
  <testcase name="validtrackdelete" time="2.138" classname="com.Salesboost_Adminpanel.testscript.TracksPage"/>
</testsuite> <!-- com.Salesboost_Adminpanel.testscript.TracksPage -->
