<?xml version="1.0" encoding="UTF-8"?>
<!-- Generated by org.testng.reporters.JUnitReportReporter -->
<testsuite skipped="0" hostname="DESKTOP-7MAOGO2" name="com.Salesboost_Adminpanel.testscript.managePasswordScript" tests="1" failures="0" timestamp="13 Jan 2021 07:43:50 GMT" time="1.650" errors="0">
  <testcase name="validEmailGeneratePassword" time="1.650" classname="com.Salesboost_Adminpanel.testscript.managePasswordScript"/>
</testsuite> <!-- com.Salesboost_Adminpanel.testscript.managePasswordScript -->
