<?xml version="1.0" encoding="UTF-8"?>
<!-- Generated by org.testng.reporters.JUnitReportReporter -->
<testsuite skipped="0" hostname="DESKTOP-7MAOGO2" name="com.Salesboost_Adminpanel.testscript.PrivateLeadershipObjectPage" tests="4" failures="0" timestamp="12 Jan 2021 10:42:15 GMT" time="22.183" errors="0">
  <testcase name="validAddTools" time="4.135" classname="com.Salesboost_Adminpanel.testscript.PrivateLeadershipObjectPage"/>
  <testcase name="validtoolsselection" time="2.490" classname="com.Salesboost_Adminpanel.testscript.PrivateLeadershipObjectPage"/>
  <testcase name="validToolDelete" time="5.662" classname="com.Salesboost_Adminpanel.testscript.PrivateLeadershipObjectPage"/>
  <testcase name="validEditTools" time="9.896" classname="com.Salesboost_Adminpanel.testscript.PrivateLeadershipObjectPage"/>
</testsuite> <!-- com.Salesboost_Adminpanel.testscript.PrivateLeadershipObjectPage -->
