<?xml version="1.0" encoding="UTF-8"?>
<!-- Generated by org.testng.reporters.JUnitReportReporter -->
<testsuite skipped="0" hostname="DESKTOP-7MAOGO2" name="com.Salesboost_Adminpanel.testscript.PrivateLeadershipObjectPage" tests="1" failures="0" timestamp="04 Jan 2021 11:25:17 GMT" time="10.310" errors="0">
  <testcase name="validEditTools" time="10.310" classname="com.Salesboost_Adminpanel.testscript.PrivateLeadershipObjectPage"/>
</testsuite> <!-- com.Salesboost_Adminpanel.testscript.PrivateLeadershipObjectPage -->
