<?xml version="1.0" encoding="UTF-8"?>
<!-- Generated by org.testng.reporters.JUnitReportReporter -->
<testsuite skipped="0" hostname="DESKTOP-7MAOGO2" name="com.Salesboost_Adminpanel.testscript.QuickSalesPage" tests="4" failures="0" timestamp="12 Jan 2021 10:26:46 GMT" time="28.651" errors="0">
  <testcase name="validActivePostAddSalesTips" time="7.937" classname="com.Salesboost_Adminpanel.testscript.QuickSalesPage"/>
  <testcase name="validSalesTipsSelection" time="1.995" classname="com.Salesboost_Adminpanel.testscript.QuickSalesPage"/>
  <testcase name="validInDeleteSalesTip" time="3.781" classname="com.Salesboost_Adminpanel.testscript.QuickSalesPage"/>
  <testcase name="validActivePostEditSalesTip" time="14.938" classname="com.Salesboost_Adminpanel.testscript.QuickSalesPage"/>
</testsuite> <!-- com.Salesboost_Adminpanel.testscript.QuickSalesPage -->
