<?xml version="1.0" encoding="UTF-8"?>
<!-- Generated by org.testng.reporters.JUnitReportReporter -->
<testsuite skipped="0" hostname="AYANDAS" name="com.Salesboost_Adminpanel.testscript.AddCourseTest" tests="2" failures="0" timestamp="2021-03-05T11:34:21 IST" time="9.729" errors="0">
  <testcase name="addCourseTestIncompleteDetails" time="4.287" classname="com.Salesboost_Adminpanel.testscript.AddCourseTest"/>
  <system-out/>
  <testcase name="addCourseTest" time="5.442" classname="com.Salesboost_Adminpanel.testscript.AddCourseTest"/>
  <system-out/>
</testsuite> <!-- com.Salesboost_Adminpanel.testscript.AddCourseTest -->
