<?xml version="1.0" encoding="UTF-8"?>
<!-- Generated by org.testng.reporters.JUnitReportReporter -->
<testsuite skipped="0" hostname="DESKTOP-7MAOGO2" name="com.Salesboost_Adminpanel.testscript.LeadershipTipsPage" tests="1" failures="0" timestamp="28 Dec 2020 08:19:27 GMT" time="16.191" errors="0">
  <testcase name="validActivePostEditLeadershipTip" time="16.191" classname="com.Salesboost_Adminpanel.testscript.LeadershipTipsPage"/>
</testsuite> <!-- com.Salesboost_Adminpanel.testscript.LeadershipTipsPage -->
