<?xml version="1.0" encoding="UTF-8"?>
<!-- Generated by org.testng.reporters.JUnitReportReporter -->
<testsuite skipped="0" hostname="DESKTOP-7MAOGO2" name="com.Salesboost_Adminpanel.testscript.loginPage" tests="1" failures="0" timestamp="24 Sep 2020 06:55:07 GMT" time="6.483" errors="0">
  <testcase name="validEmailValidPassword" time="6.483" classname="com.Salesboost_Adminpanel.testscript.loginPage"/>
</testsuite> <!-- com.Salesboost_Adminpanel.testscript.loginPage -->
